../gcd_soln/GcdUnitCL_test.py::test[basic_0x0] 

  2:           >          ().    > .   
  3: 000f:0005 > 000f:0005()     >     
  4: 0003:0009 > 0003:0009()     >     
  5: #         > #        ()     >     
  6: #         > #        ()0005 > 0005
  7: 0000:0000 > 0000:0000()     >     
  8: #         > #        ()     >     
  9: #         > #        ()     >     
 10: #         > #        ()0003 > 0003
 11: 001b:000f > 001b:000f()     >     
 12: #         > #        ()0000 > 0000
 13: 0015:0031 > 0015:0031()     >     
 14: #         > #        ()     >     
 15: #         > #        ()     >     
 16: #         > #        ()     >     
 17: #         > #        ()0003 > 0003
 18: 0019:001e > 0019:001e()     >     
 19: #         > #        ()     >     
 20: #         > #        ()     >     
 21: #         > #        ()     >     
 22: #         > #        ()0007 > 0007
 23: 0013:001b > 0013:001b()     >     
 24: #         > #        ()     >     
 25: #         > #        ()     >     
 26: #         > #        ()     >     
 27: #         > #        ()0005 > 0005
 28: 0028:0028 > 0028:0028()     >     
 29: #         > #        ()     >     
 30: #         > #        ()     >     
 31: #         > #        ()     >     
 32: #         > #        ()     >     
 33: #         > #        ()     >     
 34: #         > #        ()     >     
 35: #         > #        ()0001 > 0001
 36: 00fa:00be > 00fa:00be()     >     
 37: #         > #        ()     >     
 38: #         > #        ()0028 > 0028
 39: 0005:00fa > 0005:00fa()     >     
 40: #         > #        ()     >     
 41: #         > #        ()     >     
 42: #         > #        ()     >     
 43: #         > #        ()000a > 000a
 44: ffff:00ff > ffff:00ff()     >     
 45: .         > .        ()     >     
 46: .         > .        ()     >     
 47: .         > .        ()0005 > 0005
 48:           >          ()     >     
 49:           >          ()     >     
 50:           >          ()00ff > 00ff

PASSED
