../gcd_soln/GcdUnitCL_test.py::test[basic_0x0] ()

  2:           >          ().    > .   
  3: 000f:0005 > 000f:0005()     >     
  4: 0003:0009 > 0003:0009()     >     
  5: #         > #        ()0005 > 0005
  6: 0000:0000 > 0000:0000()     >     
  7: #         > #        ()0003 > 0003
  8: 001b:000f > 001b:000f()     >     
  9: #         > #        ()0000 > 0000
 10: 0015:0031 > 0015:0031()     >     
 11: #         > #        ()0003 > 0003
 12: 0019:001e > 0019:001e()     >     
 13: #         > #        ()0007 > 0007
 14: 0013:001b > 0013:001b()     >     
 15: #         > #        ()0005 > 0005
 16: 0028:0028 > 0028:0028()     >     
 17: #         > #        ()0001 > 0001
 18: 00fa:00be > 00fa:00be()     >     
 19: #         > #        ()0028 > 0028
 20: 0005:00fa > 0005:00fa()     >     
 21: #         > #        ()000a > 000a
 22: ffff:00ff > ffff:00ff()     >     
 23: .         > .        ()0005 > 0005
 24:           >          ()     >     
 25:           >          ()00ff > 00ff

PASSED
