../gcd_soln/GcdUnitRTL_test.py::test[basic_0x0] 

  2:           >          (000f 0005 I ).    > .   
  3: 000f:0005 > 000f:0005(000f 0005 I )     >     
  4: #         > #        (000f 0005 C-)     >     
  5: #         > #        (000a 0005 C-)     >     
  6: #         > #        (0005 0005 C-)     >     
  7: #         > #        (0000 0005 Cs)     >     
  8: #         > #        (0005 0000 C )     >     
  9: #         > #        (0005 0000 D )0005 > 0005
 10: 0003:0009 > 0003:0009(0005 0000 I )     >     
 11: #         > #        (0003 0009 Cs)     >     
 12: #         > #        (0009 0003 C-)     >     
 13: #         > #        (0006 0003 C-)     >     
 14: #         > #        (0003 0003 C-)     >     
 15: #         > #        (0000 0003 Cs)     >     
 16: #         > #        (0003 0000 C )     >     
 17: #         > #        (0003 0000 D )0003 > 0003
 18: 0000:0000 > 0000:0000(0003 0000 I )     >     
 19: #         > #        (0000 0000 C )     >     
 20: #         > #        (0000 0000 D )0000 > 0000
 21: 001b:000f > 001b:000f(0000 0000 I )     >     
 22: #         > #        (001b 000f C-)     >     
 23: #         > #        (000c 000f Cs)     >     
 24: #         > #        (000f 000c C-)     >     
 25: #         > #        (0003 000c Cs)     >     
 26: #         > #        (000c 0003 C-)     >     
 27: #         > #        (0009 0003 C-)     >     
 28: #         > #        (0006 0003 C-)     >     
 29: #         > #        (0003 0003 C-)     >     
 30: #         > #        (0000 0003 Cs)     >     
 31: #         > #        (0003 0000 C )     >     
 32: #         > #        (0003 0000 D )0003 > 0003
 33: 0015:0031 > 0015:0031(0003 0000 I )     >     
 34: #         > #        (0015 0031 Cs)     >     
 35: #         > #        (0031 0015 C-)     >     
 36: #         > #        (001c 0015 C-)     >     
 37: #         > #        (0007 0015 Cs)     >     
 38: #         > #        (0015 0007 C-)     >     
 39: #         > #        (000e 0007 C-)     >     
 40: #         > #        (0007 0007 C-)     >     
 41: #         > #        (0000 0007 Cs)     >     
 42: #         > #        (0007 0000 C )     >     
 43: #         > #        (0007 0000 D )0007 > 0007
 44: 0019:001e > 0019:001e(0007 0000 I )     >     
 45: #         > #        (0019 001e Cs)     >     
 46: #         > #        (001e 0019 C-)     >     
 47: #         > #        (0005 0019 Cs)     >     
 48: #         > #        (0019 0005 C-)     >     
 49: #         > #        (0014 0005 C-)     >     
 50: #         > #        (000f 0005 C-)     >     
 51: #         > #        (000a 0005 C-)     >     
 52: #         > #        (0005 0005 C-)     >     
 53: #         > #        (0000 0005 Cs)     >     
 54: #         > #        (0005 0000 C )     >     
 55: #         > #        (0005 0000 D )0005 > 0005
 56: 0013:001b > 0013:001b(0005 0000 I )     >     
 57: #         > #        (0013 001b Cs)     >     
 58: #         > #        (001b 0013 C-)     >     
 59: #         > #        (0008 0013 Cs)     >     
 60: #         > #        (0013 0008 C-)     >     
 61: #         > #        (000b 0008 C-)     >     
 62: #         > #        (0003 0008 Cs)     >     
 63: #         > #        (0008 0003 C-)     >     
 64: #         > #        (0005 0003 C-)     >     
 65: #         > #        (0002 0003 Cs)     >     
 66: #         > #        (0003 0002 C-)     >     
 67: #         > #        (0001 0002 Cs)     >     
 68: #         > #        (0002 0001 C-)     >     
 69: #         > #        (0001 0001 C-)     >     
 70: #         > #        (0000 0001 Cs)     >     
 71: #         > #        (0001 0000 C )     >     
 72: #         > #        (0001 0000 D )0001 > 0001
 73: 0028:0028 > 0028:0028(0001 0000 I )     >     
 74: #         > #        (0028 0028 C-)     >     
 75: #         > #        (0000 0028 Cs)     >     
 76: #         > #        (0028 0000 C )     >     
 77: #         > #        (0028 0000 D )0028 > 0028
 78: 00fa:00be > 00fa:00be(0028 0000 I )     >     
 79: #         > #        (00fa 00be C-)     >     
 80: #         > #        (003c 00be Cs)     >     
 81: #         > #        (00be 003c C-)     >     
 82: #         > #        (0082 003c C-)     >     
 83: #         > #        (0046 003c C-)     >     
 84: #         > #        (000a 003c Cs)     >     
 85: #         > #        (003c 000a C-)     >     
 86: #         > #        (0032 000a C-)     >     
 87: #         > #        (0028 000a C-)     >     
 88: #         > #        (001e 000a C-)     >     
 89: #         > #        (0014 000a C-)     >     
 90: #         > #        (000a 000a C-)     >     
 91: #         > #        (0000 000a Cs)     >     
 92: #         > #        (000a 0000 C )     >     
 93: #         > #        (000a 0000 D )000a > 000a
 94: 0005:00fa > 0005:00fa(000a 0000 I )     >     
 95: #         > #        (0005 00fa Cs)     >     
 96: #         > #        (00fa 0005 C-)     >     
 97: #         > #        (00f5 0005 C-)     >     
 98: #         > #        (00f0 0005 C-)     >     
 99: #         > #        (00eb 0005 C-)     >     
100: #         > #        (00e6 0005 C-)     >     
101: #         > #        (00e1 0005 C-)     >     
102: #         > #        (00dc 0005 C-)     >     
103: #         > #        (00d7 0005 C-)     >     
104: #         > #        (00d2 0005 C-)     >     
105: #         > #        (00cd 0005 C-)     >     
106: #         > #        (00c8 0005 C-)     >     
107: #         > #        (00c3 0005 C-)     >     
108: #         > #        (00be 0005 C-)     >     
109: #         > #        (00b9 0005 C-)     >     
110: #         > #        (00b4 0005 C-)     >     
111: #         > #        (00af 0005 C-)     >     
112: #         > #        (00aa 0005 C-)     >     
113: #         > #        (00a5 0005 C-)     >     
114: #         > #        (00a0 0005 C-)     >     
115: #         > #        (009b 0005 C-)     >     
116: #         > #        (0096 0005 C-)     >     
117: #         > #        (0091 0005 C-)     >     
118: #         > #        (008c 0005 C-)     >     
119: #         > #        (0087 0005 C-)     >     
120: #         > #        (0082 0005 C-)     >     
121: #         > #        (007d 0005 C-)     >     
122: #         > #        (0078 0005 C-)     >     
123: #         > #        (0073 0005 C-)     >     
124: #         > #        (006e 0005 C-)     >     
125: #         > #        (0069 0005 C-)     >     
126: #         > #        (0064 0005 C-)     >     
127: #         > #        (005f 0005 C-)     >     
128: #         > #        (005a 0005 C-)     >     
129: #         > #        (0055 0005 C-)     >     
130: #         > #        (0050 0005 C-)     >     
131: #         > #        (004b 0005 C-)     >     
132: #         > #        (0046 0005 C-)     >     
133: #         > #        (0041 0005 C-)     >     
134: #         > #        (003c 0005 C-)     >     
135: #         > #        (0037 0005 C-)     >     
136: #         > #        (0032 0005 C-)     >     
137: #         > #        (002d 0005 C-)     >     
138: #         > #        (0028 0005 C-)     >     
139: #         > #        (0023 0005 C-)     >     
140: #         > #        (001e 0005 C-)     >     
141: #         > #        (0019 0005 C-)     >     
142: #         > #        (0014 0005 C-)     >     
143: #         > #        (000f 0005 C-)     >     
144: #         > #        (000a 0005 C-)     >     
145: #         > #        (0005 0005 C-)     >     
146: #         > #        (0000 0005 Cs)     >     
147: #         > #        (0005 0000 C )     >     
148: #         > #        (0005 0000 D )0005 > 0005
149: ffff:00ff > ffff:00ff(0005 0000 I )     >     
150: .         > .        (ffff 00ff C-)     >     
151: .         > .        (ff00 00ff C-)     >     
152: .         > .        (fe01 00ff C-)     >     
153: .         > .        (fd02 00ff C-)     >     
154: .         > .        (fc03 00ff C-)     >     
155: .         > .        (fb04 00ff C-)     >     
156: .         > .        (fa05 00ff C-)     >     
157: .         > .        (f906 00ff C-)     >     
158: .         > .        (f807 00ff C-)     >     
159: .         > .        (f708 00ff C-)     >     
160: .         > .        (f609 00ff C-)     >     
161: .         > .        (f50a 00ff C-)     >     
162: .         > .        (f40b 00ff C-)     >     
163: .         > .        (f30c 00ff C-)     >     
164: .         > .        (f20d 00ff C-)     >     
165: .         > .        (f10e 00ff C-)     >     
166: .         > .        (f00f 00ff C-)     >     
167: .         > .        (ef10 00ff C-)     >     
168: .         > .        (ee11 00ff C-)     >     
169: .         > .        (ed12 00ff C-)     >     
170: .         > .        (ec13 00ff C-)     >     
171: .         > .        (eb14 00ff C-)     >     
172: .         > .        (ea15 00ff C-)     >     
173: .         > .        (e916 00ff C-)     >     
174: .         > .        (e817 00ff C-)     >     
175: .         > .        (e718 00ff C-)     >     
176: .         > .        (e619 00ff C-)     >     
177: .         > .        (e51a 00ff C-)     >     
178: .         > .        (e41b 00ff C-)     >     
179: .         > .        (e31c 00ff C-)     >     
180: .         > .        (e21d 00ff C-)     >     
181: .         > .        (e11e 00ff C-)     >     
182: .         > .        (e01f 00ff C-)     >     
183: .         > .        (df20 00ff C-)     >     
184: .         > .        (de21 00ff C-)     >     
185: .         > .        (dd22 00ff C-)     >     
186: .         > .        (dc23 00ff C-)     >     
187: .         > .        (db24 00ff C-)     >     
188: .         > .        (da25 00ff C-)     >     
189: .         > .        (d926 00ff C-)     >     
190: .         > .        (d827 00ff C-)     >     
191: .         > .        (d728 00ff C-)     >     
192: .         > .        (d629 00ff C-)     >     
193: .         > .        (d52a 00ff C-)     >     
194: .         > .        (d42b 00ff C-)     >     
195: .         > .        (d32c 00ff C-)     >     
196: .         > .        (d22d 00ff C-)     >     
197: .         > .        (d12e 00ff C-)     >     
198: .         > .        (d02f 00ff C-)     >     
199: .         > .        (cf30 00ff C-)     >     
200: .         > .        (ce31 00ff C-)     >     
201: .         > .        (cd32 00ff C-)     >     
202: .         > .        (cc33 00ff C-)     >     
203: .         > .        (cb34 00ff C-)     >     
204: .         > .        (ca35 00ff C-)     >     
205: .         > .        (c936 00ff C-)     >     
206: .         > .        (c837 00ff C-)     >     
207: .         > .        (c738 00ff C-)     >     
208: .         > .        (c639 00ff C-)     >     
209: .         > .        (c53a 00ff C-)     >     
210: .         > .        (c43b 00ff C-)     >     
211: .         > .        (c33c 00ff C-)     >     
212: .         > .        (c23d 00ff C-)     >     
213: .         > .        (c13e 00ff C-)     >     
214: .         > .        (c03f 00ff C-)     >     
215: .         > .        (bf40 00ff C-)     >     
216: .         > .        (be41 00ff C-)     >     
217: .         > .        (bd42 00ff C-)     >     
218: .         > .        (bc43 00ff C-)     >     
219: .         > .        (bb44 00ff C-)     >     
220: .         > .        (ba45 00ff C-)     >     
221: .         > .        (b946 00ff C-)     >     
222: .         > .        (b847 00ff C-)     >     
223: .         > .        (b748 00ff C-)     >     
224: .         > .        (b649 00ff C-)     >     
225: .         > .        (b54a 00ff C-)     >     
226: .         > .        (b44b 00ff C-)     >     
227: .         > .        (b34c 00ff C-)     >     
228: .         > .        (b24d 00ff C-)     >     
229: .         > .        (b14e 00ff C-)     >     
230: .         > .        (b04f 00ff C-)     >     
231: .         > .        (af50 00ff C-)     >     
232: .         > .        (ae51 00ff C-)     >     
233: .         > .        (ad52 00ff C-)     >     
234: .         > .        (ac53 00ff C-)     >     
235: .         > .        (ab54 00ff C-)     >     
236: .         > .        (aa55 00ff C-)     >     
237: .         > .        (a956 00ff C-)     >     
238: .         > .        (a857 00ff C-)     >     
239: .         > .        (a758 00ff C-)     >     
240: .         > .        (a659 00ff C-)     >     
241: .         > .        (a55a 00ff C-)     >     
242: .         > .        (a45b 00ff C-)     >     
243: .         > .        (a35c 00ff C-)     >     
244: .         > .        (a25d 00ff C-)     >     
245: .         > .        (a15e 00ff C-)     >     
246: .         > .        (a05f 00ff C-)     >     
247: .         > .        (9f60 00ff C-)     >     
248: .         > .        (9e61 00ff C-)     >     
249: .         > .        (9d62 00ff C-)     >     
250: .         > .        (9c63 00ff C-)     >     
251: .         > .        (9b64 00ff C-)     >     
252: .         > .        (9a65 00ff C-)     >     
253: .         > .        (9966 00ff C-)     >     
254: .         > .        (9867 00ff C-)     >     
255: .         > .        (9768 00ff C-)     >     
256: .         > .        (9669 00ff C-)     >     
257: .         > .        (956a 00ff C-)     >     
258: .         > .        (946b 00ff C-)     >     
259: .         > .        (936c 00ff C-)     >     
260: .         > .        (926d 00ff C-)     >     
261: .         > .        (916e 00ff C-)     >     
262: .         > .        (906f 00ff C-)     >     
263: .         > .        (8f70 00ff C-)     >     
264: .         > .        (8e71 00ff C-)     >     
265: .         > .        (8d72 00ff C-)     >     
266: .         > .        (8c73 00ff C-)     >     
267: .         > .        (8b74 00ff C-)     >     
268: .         > .        (8a75 00ff C-)     >     
269: .         > .        (8976 00ff C-)     >     
270: .         > .        (8877 00ff C-)     >     
271: .         > .        (8778 00ff C-)     >     
272: .         > .        (8679 00ff C-)     >     
273: .         > .        (857a 00ff C-)     >     
274: .         > .        (847b 00ff C-)     >     
275: .         > .        (837c 00ff C-)     >     
276: .         > .        (827d 00ff C-)     >     
277: .         > .        (817e 00ff C-)     >     
278: .         > .        (807f 00ff C-)     >     
279: .         > .        (7f80 00ff C-)     >     
280: .         > .        (7e81 00ff C-)     >     
281: .         > .        (7d82 00ff C-)     >     
282: .         > .        (7c83 00ff C-)     >     
283: .         > .        (7b84 00ff C-)     >     
284: .         > .        (7a85 00ff C-)     >     
285: .         > .        (7986 00ff C-)     >     
286: .         > .        (7887 00ff C-)     >     
287: .         > .        (7788 00ff C-)     >     
288: .         > .        (7689 00ff C-)     >     
289: .         > .        (758a 00ff C-)     >     
290: .         > .        (748b 00ff C-)     >     
291: .         > .        (738c 00ff C-)     >     
292: .         > .        (728d 00ff C-)     >     
293: .         > .        (718e 00ff C-)     >     
294: .         > .        (708f 00ff C-)     >     
295: .         > .        (6f90 00ff C-)     >     
296: .         > .        (6e91 00ff C-)     >     
297: .         > .        (6d92 00ff C-)     >     
298: .         > .        (6c93 00ff C-)     >     
299: .         > .        (6b94 00ff C-)     >     
300: .         > .        (6a95 00ff C-)     >     
301: .         > .        (6996 00ff C-)     >     
302: .         > .        (6897 00ff C-)     >     
303: .         > .        (6798 00ff C-)     >     
304: .         > .        (6699 00ff C-)     >     
305: .         > .        (659a 00ff C-)     >     
306: .         > .        (649b 00ff C-)     >     
307: .         > .        (639c 00ff C-)     >     
308: .         > .        (629d 00ff C-)     >     
309: .         > .        (619e 00ff C-)     >     
310: .         > .        (609f 00ff C-)     >     
311: .         > .        (5fa0 00ff C-)     >     
312: .         > .        (5ea1 00ff C-)     >     
313: .         > .        (5da2 00ff C-)     >     
314: .         > .        (5ca3 00ff C-)     >     
315: .         > .        (5ba4 00ff C-)     >     
316: .         > .        (5aa5 00ff C-)     >     
317: .         > .        (59a6 00ff C-)     >     
318: .         > .        (58a7 00ff C-)     >     
319: .         > .        (57a8 00ff C-)     >     
320: .         > .        (56a9 00ff C-)     >     
321: .         > .        (55aa 00ff C-)     >     
322: .         > .        (54ab 00ff C-)     >     
323: .         > .        (53ac 00ff C-)     >     
324: .         > .        (52ad 00ff C-)     >     
325: .         > .        (51ae 00ff C-)     >     
326: .         > .        (50af 00ff C-)     >     
327: .         > .        (4fb0 00ff C-)     >     
328: .         > .        (4eb1 00ff C-)     >     
329: .         > .        (4db2 00ff C-)     >     
330: .         > .        (4cb3 00ff C-)     >     
331: .         > .        (4bb4 00ff C-)     >     
332: .         > .        (4ab5 00ff C-)     >     
333: .         > .        (49b6 00ff C-)     >     
334: .         > .        (48b7 00ff C-)     >     
335: .         > .        (47b8 00ff C-)     >     
336: .         > .        (46b9 00ff C-)     >     
337: .         > .        (45ba 00ff C-)     >     
338: .         > .        (44bb 00ff C-)     >     
339: .         > .        (43bc 00ff C-)     >     
340: .         > .        (42bd 00ff C-)     >     
341: .         > .        (41be 00ff C-)     >     
342: .         > .        (40bf 00ff C-)     >     
343: .         > .        (3fc0 00ff C-)     >     
344: .         > .        (3ec1 00ff C-)     >     
345: .         > .        (3dc2 00ff C-)     >     
346: .         > .        (3cc3 00ff C-)     >     
347: .         > .        (3bc4 00ff C-)     >     
348: .         > .        (3ac5 00ff C-)     >     
349: .         > .        (39c6 00ff C-)     >     
350: .         > .        (38c7 00ff C-)     >     
351: .         > .        (37c8 00ff C-)     >     
352: .         > .        (36c9 00ff C-)     >     
353: .         > .        (35ca 00ff C-)     >     
354: .         > .        (34cb 00ff C-)     >     
355: .         > .        (33cc 00ff C-)     >     
356: .         > .        (32cd 00ff C-)     >     
357: .         > .        (31ce 00ff C-)     >     
358: .         > .        (30cf 00ff C-)     >     
359: .         > .        (2fd0 00ff C-)     >     
360: .         > .        (2ed1 00ff C-)     >     
361: .         > .        (2dd2 00ff C-)     >     
362: .         > .        (2cd3 00ff C-)     >     
363: .         > .        (2bd4 00ff C-)     >     
364: .         > .        (2ad5 00ff C-)     >     
365: .         > .        (29d6 00ff C-)     >     
366: .         > .        (28d7 00ff C-)     >     
367: .         > .        (27d8 00ff C-)     >     
368: .         > .        (26d9 00ff C-)     >     
369: .         > .        (25da 00ff C-)     >     
370: .         > .        (24db 00ff C-)     >     
371: .         > .        (23dc 00ff C-)     >     
372: .         > .        (22dd 00ff C-)     >     
373: .         > .        (21de 00ff C-)     >     
374: .         > .        (20df 00ff C-)     >     
375: .         > .        (1fe0 00ff C-)     >     
376: .         > .        (1ee1 00ff C-)     >     
377: .         > .        (1de2 00ff C-)     >     
378: .         > .        (1ce3 00ff C-)     >     
379: .         > .        (1be4 00ff C-)     >     
380: .         > .        (1ae5 00ff C-)     >     
381: .         > .        (19e6 00ff C-)     >     
382: .         > .        (18e7 00ff C-)     >     
383: .         > .        (17e8 00ff C-)     >     
384: .         > .        (16e9 00ff C-)     >     
385: .         > .        (15ea 00ff C-)     >     
386: .         > .        (14eb 00ff C-)     >     
387: .         > .        (13ec 00ff C-)     >     
388: .         > .        (12ed 00ff C-)     >     
389: .         > .        (11ee 00ff C-)     >     
390: .         > .        (10ef 00ff C-)     >     
391: .         > .        (0ff0 00ff C-)     >     
392: .         > .        (0ef1 00ff C-)     >     
393: .         > .        (0df2 00ff C-)     >     
394: .         > .        (0cf3 00ff C-)     >     
395: .         > .        (0bf4 00ff C-)     >     
396: .         > .        (0af5 00ff C-)     >     
397: .         > .        (09f6 00ff C-)     >     
398: .         > .        (08f7 00ff C-)     >     
399: .         > .        (07f8 00ff C-)     >     
400: .         > .        (06f9 00ff C-)     >     
401: .         > .        (05fa 00ff C-)     >     
402: .         > .        (04fb 00ff C-)     >     
403: .         > .        (03fc 00ff C-)     >     
404: .         > .        (02fd 00ff C-)     >     
405: .         > .        (01fe 00ff C-)     >     
406: .         > .        (00ff 00ff C-)     >     
407: .         > .        (0000 00ff Cs)     >     
408: .         > .        (00ff 0000 C )     >     
409: .         > .        (00ff 0000 D )00ff > 00ff

PASSED
